[0.008s] Invoking command in '/home/xiaoqi/ros2bookcode/chapt6/chapt6_ws/build/fishbot_description': CMAKE_PREFIX_PATH=/opt/ros/humble /usr/bin/cmake /home/xiaoqi/ros2bookcode/chapt6/chapt6_ws/src/fishbot_description -DCMAKE_INSTALL_PREFIX=/home/xiaoqi/ros2bookcode/chapt6/chapt6_ws/install/fishbot_description
[0.093s] -- The C compiler identification is GNU 11.4.0
[0.168s] -- The CXX compiler identification is GNU 11.4.0
[0.175s] -- Detecting C compiler ABI info
[0.223s] -- Detecting C compiler ABI info - done
[0.227s] -- Check for working C compiler: /usr/bin/cc - skipped
[0.228s] -- Detecting C compile features
[0.228s] -- Detecting C compile features - done
[0.230s] -- Detecting CXX compiler ABI info
[0.283s] -- Detecting CXX compiler ABI info - done
[0.288s] -- Check for working CXX compiler: /usr/bin/c++ - skipped
[0.288s] -- Detecting CXX compile features
[0.288s] -- Detecting CXX compile features - done
[0.291s] -- Found ament_cmake: 1.3.10 (/opt/ros/humble/share/ament_cmake/cmake)
[0.394s] -- Found Python3: /usr/bin/python3 (found version "3.10.12") found components: Interpreter 
[0.458s] -- Found ament_lint_auto: 0.12.11 (/opt/ros/humble/share/ament_lint_auto/cmake)
[0.512s] -- Added test 'flake8' to check Python code syntax and style conventions
[0.512s] -- Added test 'lint_cmake' to check CMake code style
[0.513s] -- Added test 'pep257' to check Python code against some of the docstring style conventions in PEP 257
[0.514s] -- Added test 'xmllint' to check XML markup files
[0.515s] -- Configuring done
[0.516s] -- Generating done
[0.517s] -- Build files have been written to: /home/xiaoqi/ros2bookcode/chapt6/chapt6_ws/build/fishbot_description
[0.520s] Invoked command in '/home/xiaoqi/ros2bookcode/chapt6/chapt6_ws/build/fishbot_description' returned '0': CMAKE_PREFIX_PATH=/opt/ros/humble /usr/bin/cmake /home/xiaoqi/ros2bookcode/chapt6/chapt6_ws/src/fishbot_description -DCMAKE_INSTALL_PREFIX=/home/xiaoqi/ros2bookcode/chapt6/chapt6_ws/install/fishbot_description
[0.521s] Invoking command in '/home/xiaoqi/ros2bookcode/chapt6/chapt6_ws/build/fishbot_description': CMAKE_PREFIX_PATH=/opt/ros/humble /usr/bin/cmake --build /home/xiaoqi/ros2bookcode/chapt6/chapt6_ws/build/fishbot_description -- -j8 -l8
[0.546s] Invoked command in '/home/xiaoqi/ros2bookcode/chapt6/chapt6_ws/build/fishbot_description' returned '0': CMAKE_PREFIX_PATH=/opt/ros/humble /usr/bin/cmake --build /home/xiaoqi/ros2bookcode/chapt6/chapt6_ws/build/fishbot_description -- -j8 -l8
[0.565s] Invoking command in '/home/xiaoqi/ros2bookcode/chapt6/chapt6_ws/build/fishbot_description': CMAKE_PREFIX_PATH=/opt/ros/humble /usr/bin/cmake --install /home/xiaoqi/ros2bookcode/chapt6/chapt6_ws/build/fishbot_description
[0.570s] -- Install configuration: ""
[0.570s] -- Installing: /home/xiaoqi/ros2bookcode/chapt6/chapt6_ws/install/fishbot_description/share/fishbot_description/launch
[0.570s] -- Installing: /home/xiaoqi/ros2bookcode/chapt6/chapt6_ws/install/fishbot_description/share/fishbot_description/launch/display_robot.launch.py
[0.570s] -- Installing: /home/xiaoqi/ros2bookcode/chapt6/chapt6_ws/install/fishbot_description/share/fishbot_description/launch/gazebo_sim.launch.py
[0.570s] -- Installing: /home/xiaoqi/ros2bookcode/chapt6/chapt6_ws/install/fishbot_description/share/fishbot_description/urdf
[0.570s] -- Installing: /home/xiaoqi/ros2bookcode/chapt6/chapt6_ws/install/fishbot_description/share/fishbot_description/urdf/first_robot.pdf
[0.570s] -- Installing: /home/xiaoqi/ros2bookcode/chapt6/chapt6_ws/install/fishbot_description/share/fishbot_description/urdf/first_robot.gv
[0.570s] -- Installing: /home/xiaoqi/ros2bookcode/chapt6/chapt6_ws/install/fishbot_description/share/fishbot_description/urdf/first_robot.urdf.xacro
[0.571s] -- Installing: /home/xiaoqi/ros2bookcode/chapt6/chapt6_ws/install/fishbot_description/share/fishbot_description/urdf/first_robot.urdf
[0.571s] -- Installing: /home/xiaoqi/ros2bookcode/chapt6/chapt6_ws/install/fishbot_description/share/fishbot_description/urdf/fishbot
[0.571s] -- Installing: /home/xiaoqi/ros2bookcode/chapt6/chapt6_ws/install/fishbot_description/share/fishbot_description/urdf/fishbot/actuator
[0.571s] -- Installing: /home/xiaoqi/ros2bookcode/chapt6/chapt6_ws/install/fishbot_description/share/fishbot_description/urdf/fishbot/actuator/wheel.urdf.xacro
[0.571s] -- Installing: /home/xiaoqi/ros2bookcode/chapt6/chapt6_ws/install/fishbot_description/share/fishbot_description/urdf/fishbot/actuator/caster.urdf.xacro
[0.571s] -- Installing: /home/xiaoqi/ros2bookcode/chapt6/chapt6_ws/install/fishbot_description/share/fishbot_description/urdf/fishbot/fishbot.ros2_control.xacro
[0.571s] -- Installing: /home/xiaoqi/ros2bookcode/chapt6/chapt6_ws/install/fishbot_description/share/fishbot_description/urdf/fishbot/sensor
[0.571s] -- Installing: /home/xiaoqi/ros2bookcode/chapt6/chapt6_ws/install/fishbot_description/share/fishbot_description/urdf/fishbot/sensor/imu.urdf.xacro
[0.571s] -- Installing: /home/xiaoqi/ros2bookcode/chapt6/chapt6_ws/install/fishbot_description/share/fishbot_description/urdf/fishbot/sensor/camera.urdf.xacro
[0.571s] -- Installing: /home/xiaoqi/ros2bookcode/chapt6/chapt6_ws/install/fishbot_description/share/fishbot_description/urdf/fishbot/sensor/laser.urdf.xacro
[0.571s] -- Installing: /home/xiaoqi/ros2bookcode/chapt6/chapt6_ws/install/fishbot_description/share/fishbot_description/urdf/fishbot/plugins
[0.571s] -- Installing: /home/xiaoqi/ros2bookcode/chapt6/chapt6_ws/install/fishbot_description/share/fishbot_description/urdf/fishbot/plugins/gazebo_control_plugin.xacro
[0.571s] -- Installing: /home/xiaoqi/ros2bookcode/chapt6/chapt6_ws/install/fishbot_description/share/fishbot_description/urdf/fishbot/plugins/gazebo_sensor_plugin.xacro
[0.571s] -- Installing: /home/xiaoqi/ros2bookcode/chapt6/chapt6_ws/install/fishbot_description/share/fishbot_description/urdf/fishbot/fishbot.urdf.xacro
[0.572s] -- Installing: /home/xiaoqi/ros2bookcode/chapt6/chapt6_ws/install/fishbot_description/share/fishbot_description/urdf/fishbot/base.urdf.xacro
[0.572s] -- Installing: /home/xiaoqi/ros2bookcode/chapt6/chapt6_ws/install/fishbot_description/share/fishbot_description/urdf/fishbot/common_inertia.xacro
[0.572s] -- Installing: /home/xiaoqi/ros2bookcode/chapt6/chapt6_ws/install/fishbot_description/share/fishbot_description/config
[0.572s] -- Installing: /home/xiaoqi/ros2bookcode/chapt6/chapt6_ws/install/fishbot_description/share/fishbot_description/config/fishbot_ros2_controller.yaml
[0.572s] -- Installing: /home/xiaoqi/ros2bookcode/chapt6/chapt6_ws/install/fishbot_description/share/fishbot_description/config/rviz
[0.572s] -- Installing: /home/xiaoqi/ros2bookcode/chapt6/chapt6_ws/install/fishbot_description/share/fishbot_description/config/rviz/dispaly_model.rviz
[0.572s] -- Installing: /home/xiaoqi/ros2bookcode/chapt6/chapt6_ws/install/fishbot_description/share/fishbot_description/world
[0.572s] -- Installing: /home/xiaoqi/ros2bookcode/chapt6/chapt6_ws/install/fishbot_description/share/fishbot_description/world/custom_room.world
[0.572s] -- Installing: /home/xiaoqi/ros2bookcode/chapt6/chapt6_ws/install/fishbot_description/share/fishbot_description/world/room
[0.572s] -- Installing: /home/xiaoqi/ros2bookcode/chapt6/chapt6_ws/install/fishbot_description/share/fishbot_description/world/room/model.config
[0.572s] -- Installing: /home/xiaoqi/ros2bookcode/chapt6/chapt6_ws/install/fishbot_description/share/fishbot_description/world/room/model.sdf
[0.572s] -- Installing: /home/xiaoqi/ros2bookcode/chapt6/chapt6_ws/install/fishbot_description/share/ament_index/resource_index/package_run_dependencies/fishbot_description
[0.573s] -- Installing: /home/xiaoqi/ros2bookcode/chapt6/chapt6_ws/install/fishbot_description/share/ament_index/resource_index/parent_prefix_path/fishbot_description
[0.573s] -- Installing: /home/xiaoqi/ros2bookcode/chapt6/chapt6_ws/install/fishbot_description/share/fishbot_description/environment/ament_prefix_path.sh
[0.573s] -- Installing: /home/xiaoqi/ros2bookcode/chapt6/chapt6_ws/install/fishbot_description/share/fishbot_description/environment/ament_prefix_path.dsv
[0.573s] -- Installing: /home/xiaoqi/ros2bookcode/chapt6/chapt6_ws/install/fishbot_description/share/fishbot_description/environment/path.sh
[0.573s] -- Installing: /home/xiaoqi/ros2bookcode/chapt6/chapt6_ws/install/fishbot_description/share/fishbot_description/environment/path.dsv
[0.573s] -- Installing: /home/xiaoqi/ros2bookcode/chapt6/chapt6_ws/install/fishbot_description/share/fishbot_description/local_setup.bash
[0.573s] -- Installing: /home/xiaoqi/ros2bookcode/chapt6/chapt6_ws/install/fishbot_description/share/fishbot_description/local_setup.sh
[0.573s] -- Installing: /home/xiaoqi/ros2bookcode/chapt6/chapt6_ws/install/fishbot_description/share/fishbot_description/local_setup.zsh
[0.573s] -- Installing: /home/xiaoqi/ros2bookcode/chapt6/chapt6_ws/install/fishbot_description/share/fishbot_description/local_setup.dsv
[0.573s] -- Installing: /home/xiaoqi/ros2bookcode/chapt6/chapt6_ws/install/fishbot_description/share/fishbot_description/package.dsv
[0.574s] -- Installing: /home/xiaoqi/ros2bookcode/chapt6/chapt6_ws/install/fishbot_description/share/ament_index/resource_index/packages/fishbot_description
[0.574s] -- Installing: /home/xiaoqi/ros2bookcode/chapt6/chapt6_ws/install/fishbot_description/share/fishbot_description/cmake/fishbot_descriptionConfig.cmake
[0.574s] -- Installing: /home/xiaoqi/ros2bookcode/chapt6/chapt6_ws/install/fishbot_description/share/fishbot_description/cmake/fishbot_descriptionConfig-version.cmake
[0.574s] -- Installing: /home/xiaoqi/ros2bookcode/chapt6/chapt6_ws/install/fishbot_description/share/fishbot_description/package.xml
[0.575s] Invoked command in '/home/xiaoqi/ros2bookcode/chapt6/chapt6_ws/build/fishbot_description' returned '0': CMAKE_PREFIX_PATH=/opt/ros/humble /usr/bin/cmake --install /home/xiaoqi/ros2bookcode/chapt6/chapt6_ws/build/fishbot_description
